<?xml version="1.0" encoding="UTF-8"?>
<coverage generated="1690407033753" clover="3.2.0">
  <project timestamp="1690407033753" name="All files">
    <metrics statements="98" coveredstatements="93" conditionals="186" coveredconditionals="97" methods="47" coveredmethods="44" elements="331" coveredelements="234" complexity="0" loc="98" ncloc="98" packages="3" files="5" classes="5"/>
    <package name=".jest.mocks">
      <metrics statements="1" coveredstatements="1" conditionals="0" coveredconditionals="0" methods="0" coveredmethods="0"/>
      <file name="fileMock.ts" path="C:\Users\vm859\OneDrive\Documentos\testes-unitarios\API_Poke\.jest\mocks\fileMock.ts">
        <metrics statements="1" coveredstatements="1" conditionals="0" coveredconditionals="0" methods="0" coveredmethods="0"/>
        <line num="1" count="1" type="stmt"/>
      </file>
    </package>
    <package name="src.components.Pokemons.IndividualPokemon">
      <metrics statements="92" coveredstatements="90" conditionals="186" coveredconditionals="97" methods="44" coveredmethods="44"/>
      <file name="IndividualPokemon.tsx" path="C:\Users\vm859\OneDrive\Documentos\testes-unitarios\API_Poke\src\components\Pokemons\IndividualPokemon\IndividualPokemon.tsx">
        <metrics statements="47" coveredstatements="45" conditionals="14" coveredconditionals="11" methods="25" coveredmethods="25"/>
        <line num="28" count="1" type="stmt"/>
        <line num="29" count="26" type="stmt"/>
        <line num="30" count="26" type="stmt"/>
        <line num="31" count="26" type="stmt"/>
        <line num="33" count="26" type="stmt"/>
        <line num="35" count="26" type="stmt"/>
        <line num="37" count="14" type="stmt"/>
        <line num="38" count="14" type="cond" truecount="2" falsecount="0"/>
        <line num="39" count="7" type="stmt"/>
        <line num="40" count="7" type="stmt"/>
        <line num="43" count="5" type="stmt"/>
        <line num="44" count="5" type="stmt"/>
        <line num="46" count="0" type="stmt"/>
        <line num="47" count="0" type="stmt"/>
        <line num="53" count="26" type="stmt"/>
        <line num="54" count="1" type="cond" truecount="1" falsecount="1"/>
        <line num="55" count="1" type="stmt"/>
        <line num="59" count="1" type="stmt"/>
        <line num="64" count="26" type="stmt"/>
        <line num="65" count="1" type="cond" truecount="1" falsecount="1"/>
        <line num="66" count="1" type="stmt"/>
        <line num="70" count="1" type="stmt"/>
        <line num="75" count="26" type="stmt"/>
        <line num="76" count="1" type="stmt"/>
        <line num="80" count="26" type="stmt"/>
        <line num="81" count="14" type="stmt"/>
        <line num="84" count="26" type="cond" truecount="1" falsecount="1"/>
        <line num="85" count="26" type="stmt"/>
        <line num="88" count="11" type="stmt"/>
        <line num="89" count="624" type="stmt"/>
        <line num="90" count="11" type="stmt"/>
        <line num="127" count="11" type="stmt"/>
        <line num="133" count="11" type="stmt"/>
        <line num="169" count="11" type="stmt"/>
        <line num="174" count="11" type="stmt"/>
        <line num="194" count="11" type="stmt"/>
        <line num="197" count="11" type="stmt"/>
        <line num="202" count="11" type="stmt"/>
        <line num="205" count="11" type="stmt"/>
        <line num="210" count="11" type="stmt"/>
        <line num="213" count="11" type="stmt"/>
        <line num="218" count="11" type="stmt"/>
        <line num="221" count="11" type="stmt"/>
        <line num="226" count="11" type="stmt"/>
        <line num="229" count="11" type="stmt"/>
        <line num="234" count="11" type="stmt"/>
        <line num="237" count="11" type="stmt"/>
      </file>
      <file name="styles.tsx" path="C:\Users\vm859\OneDrive\Documentos\testes-unitarios\API_Poke\src\components\Pokemons\IndividualPokemon\styles.tsx">
        <metrics statements="45" coveredstatements="45" conditionals="172" coveredconditionals="86" methods="19" coveredmethods="19"/>
        <line num="8" count="1" type="stmt"/>
        <line num="14" count="9" type="stmt"/>
        <line num="15" count="9" type="stmt"/>
        <line num="18" count="1" type="stmt"/>
        <line num="27" count="9" type="cond" truecount="1" falsecount="1"/>
        <line num="68" count="1" type="stmt"/>
        <line num="77" count="1" type="stmt"/>
        <line num="80" count="9" type="stmt"/>
        <line num="83" count="1" type="stmt"/>
        <line num="86" count="9" type="stmt"/>
        <line num="89" count="1" type="stmt"/>
        <line num="93" count="1" type="stmt"/>
        <line num="100" count="1" type="stmt"/>
        <line num="109" count="1" type="stmt"/>
        <line num="113" count="1" type="stmt"/>
        <line num="119" count="9" type="stmt"/>
        <line num="127" count="1" type="stmt"/>
        <line num="135" count="1" type="stmt"/>
        <line num="138" count="9" type="stmt"/>
        <line num="142" count="9" type="cond" truecount="1" falsecount="1"/>
        <line num="179" count="1" type="stmt"/>
        <line num="185" count="18" type="cond" truecount="1" falsecount="1"/>
        <line num="222" count="1" type="stmt"/>
        <line num="229" count="1" type="stmt"/>
        <line num="235" count="18" type="stmt"/>
        <line num="238" count="18" type="stmt"/>
        <line num="241" count="1" type="stmt"/>
        <line num="250" count="1" type="stmt"/>
        <line num="255" count="1" type="stmt"/>
        <line num="258" count="36" type="stmt"/>
        <line num="267" count="1" type="stmt"/>
        <line num="273" count="9" type="stmt"/>
        <line num="278" count="1" type="stmt"/>
        <line num="287" count="1" type="stmt"/>
        <line num="294" count="1" type="stmt"/>
        <line num="300" count="9" type="stmt"/>
        <line num="303" count="9" type="cond" truecount="1" falsecount="1"/>
        <line num="340" count="1" type="stmt"/>
        <line num="347" count="9" type="stmt"/>
        <line num="350" count="1" type="stmt"/>
        <line num="356" count="1" type="stmt"/>
        <line num="362" count="54" type="stmt"/>
        <line num="365" count="1" type="stmt"/>
        <line num="366" count="54" type="cond" truecount="1" falsecount="1"/>
        <line num="369" count="54" type="cond" truecount="1" falsecount="1"/>
      </file>
    </package>
    <package name="src.components.dataError">
      <metrics statements="5" coveredstatements="2" conditionals="0" coveredconditionals="0" methods="3" coveredmethods="0"/>
      <file name="DataError.tsx" path="C:\Users\vm859\OneDrive\Documentos\testes-unitarios\API_Poke\src\components\dataError\DataError.tsx">
        <metrics statements="2" coveredstatements="1" conditionals="0" coveredconditionals="0" methods="1" coveredmethods="0"/>
        <line num="3" count="1" type="stmt"/>
        <line num="4" count="0" type="stmt"/>
      </file>
      <file name="styles.tsx" path="C:\Users\vm859\OneDrive\Documentos\testes-unitarios\API_Poke\src\components\dataError\styles.tsx">
        <metrics statements="3" coveredstatements="1" conditionals="0" coveredconditionals="0" methods="2" coveredmethods="0"/>
        <line num="3" count="1" type="stmt"/>
        <line num="11" count="0" type="stmt"/>
        <line num="12" count="0" type="stmt"/>
      </file>
    </package>
  </project>
</coverage>
