{"C:\\Users\\vm859\\OneDrive\\Documentos\\testes-unitarios\\API_Poke\\.jest\\mocks\\fileMock.ts": {"path":"C:\\Users\\vm859\\OneDrive\\Documentos\\testes-unitarios\\API_Poke\\.jest\\mocks\\fileMock.ts","statementMap":{"0":{"start":{"line":1,"column":0},"end":{"line":1,"column":33}}},"fnMap":{},"branchMap":{},"s":{"0":1},"f":{},"b":{},"_coverageSchema":"1a1c01bbd47fc00a2c39e90264f33305004495a9","hash":"87f76b4d46e8a9b4f7acb965d94fc3fc8241be29"}
,"C:\\Users\\vm859\\OneDrive\\Documentos\\testes-unitarios\\API_Poke\\src\\components\\Pokemons\\IndividualPokemon\\IndividualPokemon.tsx": {"path":"C:\\Users\\vm859\\OneDrive\\Documentos\\testes-unitarios\\API_Poke\\src\\components\\Pokemons\\IndividualPokemon\\IndividualPokemon.tsx","statementMap":{"0":{"start":{"line":28,"column":26},"end":{"line":250,"column":1}},"1":{"start":{"line":29,"column":26},"end":{"line":29,"column":63}},"2":{"start":{"line":30,"column":38},"end":{"line":30,"column":67}},"3":{"start":{"line":31,"column":42},"end":{"line":31,"column":71}},"4":{"start":{"line":33,"column":19},"end":{"line":33,"column":32}},"5":{"start":{"line":35,"column":14},"end":{"line":50,"column":3}},"6":{"start":{"line":37,"column":4},"end":{"line":37,"column":66}},"7":{"start":{"line":38,"column":4},"end":{"line":49,"column":5}},"8":{"start":{"line":39,"column":6},"end":{"line":48,"column":7}},"9":{"start":{"line":40,"column":25},"end":{"line":42,"column":9}},"10":{"start":{"line":43,"column":8},"end":{"line":43,"column":33}},"11":{"start":{"line":44,"column":8},"end":{"line":44,"column":29}},"12":{"start":{"line":46,"column":8},"end":{"line":46,"column":27}},"13":{"start":{"line":47,"column":8},"end":{"line":47,"column":39}},"14":{"start":{"line":53,"column":26},"end":{"line":61,"column":3}},"15":{"start":{"line":54,"column":4},"end":{"line":60,"column":5}},"16":{"start":{"line":55,"column":25},"end":{"line":58,"column":7}},"17":{"start":{"line":59,"column":6},"end":{"line":59,"column":40}},"18":{"start":{"line":64,"column":22},"end":{"line":72,"column":3}},"19":{"start":{"line":65,"column":4},"end":{"line":71,"column":5}},"20":{"start":{"line":66,"column":25},"end":{"line":69,"column":7}},"21":{"start":{"line":70,"column":6},"end":{"line":70,"column":40}},"22":{"start":{"line":75,"column":26},"end":{"line":77,"column":3}},"23":{"start":{"line":76,"column":4},"end":{"line":76,"column":26}},"24":{"start":{"line":80,"column":2},"end":{"line":82,"column":19}},"25":{"start":{"line":81,"column":4},"end":{"line":81,"column":10}},"26":{"start":{"line":84,"column":2},"end":{"line":84,"column":69}},"27":{"start":{"line":84,"column":20},"end":{"line":84,"column":69}},"28":{"start":{"line":85,"column":2},"end":{"line":249,"column":4}},"29":{"start":{"line":88,"column":8},"end":{"line":246,"column":22}},"30":{"start":{"line":89,"column":58},"end":{"line":89,"column":71}},"31":{"start":{"line":90,"column":43},"end":{"line":90,"column":63}},"32":{"start":{"line":127,"column":20},"end":{"line":129,"column":29}},"33":{"start":{"line":133,"column":50},"end":{"line":133,"column":70}},"34":{"start":{"line":169,"column":50},"end":{"line":169,"column":70}},"35":{"start":{"line":174,"column":52},"end":{"line":174,"column":72}},"36":{"start":{"line":194,"column":42},"end":{"line":194,"column":62}},"37":{"start":{"line":197,"column":44},"end":{"line":197,"column":64}},"38":{"start":{"line":202,"column":42},"end":{"line":202,"column":62}},"39":{"start":{"line":205,"column":44},"end":{"line":205,"column":64}},"40":{"start":{"line":210,"column":42},"end":{"line":210,"column":62}},"41":{"start":{"line":213,"column":44},"end":{"line":213,"column":64}},"42":{"start":{"line":218,"column":42},"end":{"line":218,"column":62}},"43":{"start":{"line":221,"column":44},"end":{"line":221,"column":64}},"44":{"start":{"line":226,"column":42},"end":{"line":226,"column":62}},"45":{"start":{"line":229,"column":44},"end":{"line":229,"column":64}},"46":{"start":{"line":234,"column":42},"end":{"line":234,"column":62}},"47":{"start":{"line":237,"column":44},"end":{"line":237,"column":64}}},"fnMap":{"0":{"name":"(anonymous_0)","decl":{"start":{"line":28,"column":26},"end":{"line":28,"column":27}},"loc":{"start":{"line":28,"column":32},"end":{"line":250,"column":1}},"line":28},"1":{"name":"(anonymous_1)","decl":{"start":{"line":35,"column":14},"end":{"line":35,"column":15}},"loc":{"start":{"line":35,"column":26},"end":{"line":50,"column":3}},"line":35},"2":{"name":"(anonymous_2)","decl":{"start":{"line":53,"column":26},"end":{"line":53,"column":27}},"loc":{"start":{"line":53,"column":32},"end":{"line":61,"column":3}},"line":53},"3":{"name":"(anonymous_3)","decl":{"start":{"line":64,"column":22},"end":{"line":64,"column":23}},"loc":{"start":{"line":64,"column":28},"end":{"line":72,"column":3}},"line":64},"4":{"name":"(anonymous_4)","decl":{"start":{"line":75,"column":26},"end":{"line":75,"column":27}},"loc":{"start":{"line":75,"column":32},"end":{"line":77,"column":3}},"line":75},"5":{"name":"(anonymous_5)","decl":{"start":{"line":80,"column":12},"end":{"line":80,"column":13}},"loc":{"start":{"line":80,"column":18},"end":{"line":82,"column":3}},"line":80},"6":{"name":"(anonymous_6)","decl":{"start":{"line":87,"column":24},"end":{"line":87,"column":25}},"loc":{"start":{"line":88,"column":8},"end":{"line":246,"column":22}},"line":88},"7":{"name":"(anonymous_7)","decl":{"start":{"line":89,"column":48},"end":{"line":89,"column":49}},"loc":{"start":{"line":89,"column":58},"end":{"line":89,"column":71}},"line":89},"8":{"name":"(anonymous_8)","decl":{"start":{"line":90,"column":36},"end":{"line":90,"column":37}},"loc":{"start":{"line":90,"column":43},"end":{"line":90,"column":63}},"line":90},"9":{"name":"(anonymous_9)","decl":{"start":{"line":126,"column":33},"end":{"line":126,"column":34}},"loc":{"start":{"line":127,"column":20},"end":{"line":129,"column":29}},"line":127},"10":{"name":"(anonymous_10)","decl":{"start":{"line":133,"column":43},"end":{"line":133,"column":44}},"loc":{"start":{"line":133,"column":50},"end":{"line":133,"column":70}},"line":133},"11":{"name":"(anonymous_11)","decl":{"start":{"line":169,"column":43},"end":{"line":169,"column":44}},"loc":{"start":{"line":169,"column":50},"end":{"line":169,"column":70}},"line":169},"12":{"name":"(anonymous_12)","decl":{"start":{"line":174,"column":45},"end":{"line":174,"column":46}},"loc":{"start":{"line":174,"column":52},"end":{"line":174,"column":72}},"line":174},"13":{"name":"(anonymous_13)","decl":{"start":{"line":194,"column":35},"end":{"line":194,"column":36}},"loc":{"start":{"line":194,"column":42},"end":{"line":194,"column":62}},"line":194},"14":{"name":"(anonymous_14)","decl":{"start":{"line":197,"column":37},"end":{"line":197,"column":38}},"loc":{"start":{"line":197,"column":44},"end":{"line":197,"column":64}},"line":197},"15":{"name":"(anonymous_15)","decl":{"start":{"line":202,"column":35},"end":{"line":202,"column":36}},"loc":{"start":{"line":202,"column":42},"end":{"line":202,"column":62}},"line":202},"16":{"name":"(anonymous_16)","decl":{"start":{"line":205,"column":37},"end":{"line":205,"column":38}},"loc":{"start":{"line":205,"column":44},"end":{"line":205,"column":64}},"line":205},"17":{"name":"(anonymous_17)","decl":{"start":{"line":210,"column":35},"end":{"line":210,"column":36}},"loc":{"start":{"line":210,"column":42},"end":{"line":210,"column":62}},"line":210},"18":{"name":"(anonymous_18)","decl":{"start":{"line":213,"column":37},"end":{"line":213,"column":38}},"loc":{"start":{"line":213,"column":44},"end":{"line":213,"column":64}},"line":213},"19":{"name":"(anonymous_19)","decl":{"start":{"line":218,"column":35},"end":{"line":218,"column":36}},"loc":{"start":{"line":218,"column":42},"end":{"line":218,"column":62}},"line":218},"20":{"name":"(anonymous_20)","decl":{"start":{"line":221,"column":37},"end":{"line":221,"column":38}},"loc":{"start":{"line":221,"column":44},"end":{"line":221,"column":64}},"line":221},"21":{"name":"(anonymous_21)","decl":{"start":{"line":226,"column":35},"end":{"line":226,"column":36}},"loc":{"start":{"line":226,"column":42},"end":{"line":226,"column":62}},"line":226},"22":{"name":"(anonymous_22)","decl":{"start":{"line":229,"column":37},"end":{"line":229,"column":38}},"loc":{"start":{"line":229,"column":44},"end":{"line":229,"column":64}},"line":229},"23":{"name":"(anonymous_23)","decl":{"start":{"line":234,"column":35},"end":{"line":234,"column":36}},"loc":{"start":{"line":234,"column":42},"end":{"line":234,"column":62}},"line":234},"24":{"name":"(anonymous_24)","decl":{"start":{"line":237,"column":37},"end":{"line":237,"column":38}},"loc":{"start":{"line":237,"column":44},"end":{"line":237,"column":64}},"line":237}},"branchMap":{"0":{"loc":{"start":{"line":38,"column":4},"end":{"line":49,"column":5}},"type":"if","locations":[{"start":{"line":38,"column":4},"end":{"line":49,"column":5}},{"start":{},"end":{}}],"line":38},"1":{"loc":{"start":{"line":54,"column":4},"end":{"line":60,"column":5}},"type":"if","locations":[{"start":{"line":54,"column":4},"end":{"line":60,"column":5}},{"start":{},"end":{}}],"line":54},"2":{"loc":{"start":{"line":65,"column":4},"end":{"line":71,"column":5}},"type":"if","locations":[{"start":{"line":65,"column":4},"end":{"line":71,"column":5}},{"start":{},"end":{}}],"line":65},"3":{"loc":{"start":{"line":84,"column":2},"end":{"line":84,"column":69}},"type":"if","locations":[{"start":{"line":84,"column":2},"end":{"line":84,"column":69}},{"start":{},"end":{}}],"line":84},"4":{"loc":{"start":{"line":87,"column":7},"end":{"line":247,"column":8}},"type":"binary-expr","locations":[{"start":{"line":87,"column":7},"end":{"line":87,"column":11}},{"start":{"line":87,"column":15},"end":{"line":247,"column":8}}],"line":87},"5":{"loc":{"start":{"line":107,"column":17},"end":{"line":115,"column":17}},"type":"cond-expr","locations":[{"start":{"line":108,"column":18},"end":{"line":112,"column":20}},{"start":{"line":114,"column":18},"end":{"line":114,"column":31}}],"line":107},"6":{"loc":{"start":{"line":107,"column":17},"end":{"line":107,"column":45}},"type":"binary-expr","locations":[{"start":{"line":107,"column":17},"end":{"line":107,"column":27}},{"start":{"line":107,"column":31},"end":{"line":107,"column":45}}],"line":107}},"s":{"0":1,"1":26,"2":26,"3":26,"4":26,"5":26,"6":14,"7":14,"8":7,"9":7,"10":5,"11":5,"12":0,"13":0,"14":26,"15":1,"16":1,"17":1,"18":26,"19":1,"20":1,"21":1,"22":26,"23":1,"24":26,"25":14,"26":26,"27":0,"28":26,"29":11,"30":624,"31":11,"32":11,"33":11,"34":11,"35":11,"36":11,"37":11,"38":11,"39":11,"40":11,"41":11,"42":11,"43":11,"44":11,"45":11,"46":11,"47":11},"f":{"0":26,"1":14,"2":1,"3":1,"4":1,"5":14,"6":11,"7":624,"8":11,"9":11,"10":11,"11":11,"12":11,"13":11,"14":11,"15":11,"16":11,"17":11,"18":11,"19":11,"20":11,"21":11,"22":11,"23":11,"24":11},"b":{"0":[7,7],"1":[1,0],"2":[1,0],"3":[0,26],"4":[26,11],"5":[9,2],"6":[11,9]},"_coverageSchema":"1a1c01bbd47fc00a2c39e90264f33305004495a9","hash":"0009a99c39f60de8537d9c805692d560cde2d12a"}
,"C:\\Users\\vm859\\OneDrive\\Documentos\\testes-unitarios\\API_Poke\\src\\components\\Pokemons\\IndividualPokemon\\styles.tsx": {"path":"C:\\Users\\vm859\\OneDrive\\Documentos\\testes-unitarios\\API_Poke\\src\\components\\Pokemons\\IndividualPokemon\\styles.tsx","statementMap":{"0":{"start":{"line":8,"column":25},"end":{"line":16,"column":1}},"1":{"start":{"line":14,"column":33},"end":{"line":14,"column":68}},"2":{"start":{"line":15,"column":28},"end":{"line":15,"column":54}},"3":{"start":{"line":18,"column":23},"end":{"line":66,"column":1}},"4":{"start":{"line":27,"column":4},"end":{"line":61,"column":46}},"5":{"start":{"line":68,"column":30},"end":{"line":75,"column":1}},"6":{"start":{"line":77,"column":21},"end":{"line":81,"column":1}},"7":{"start":{"line":80,"column":22},"end":{"line":80,"column":57}},"8":{"start":{"line":83,"column":18},"end":{"line":87,"column":1}},"9":{"start":{"line":86,"column":22},"end":{"line":86,"column":57}},"10":{"start":{"line":89,"column":20},"end":{"line":91,"column":1}},"11":{"start":{"line":93,"column":27},"end":{"line":98,"column":1}},"12":{"start":{"line":100,"column":35},"end":{"line":107,"column":1}},"13":{"start":{"line":109,"column":26},"end":{"line":111,"column":1}},"14":{"start":{"line":113,"column":21},"end":{"line":125,"column":1}},"15":{"start":{"line":119,"column":33},"end":{"line":119,"column":68}},"16":{"start":{"line":127,"column":29},"end":{"line":133,"column":1}},"17":{"start":{"line":135,"column":20},"end":{"line":177,"column":1}},"18":{"start":{"line":138,"column":22},"end":{"line":138,"column":57}},"19":{"start":{"line":142,"column":4},"end":{"line":176,"column":46}},"20":{"start":{"line":179,"column":26},"end":{"line":220,"column":1}},"21":{"start":{"line":185,"column":4},"end":{"line":219,"column":46}},"22":{"start":{"line":222,"column":26},"end":{"line":227,"column":1}},"23":{"start":{"line":229,"column":31},"end":{"line":239,"column":1}},"24":{"start":{"line":235,"column":22},"end":{"line":235,"column":58}},"25":{"start":{"line":238,"column":39},"end":{"line":238,"column":74}},"26":{"start":{"line":241,"column":38},"end":{"line":248,"column":1}},"27":{"start":{"line":250,"column":35},"end":{"line":253,"column":1}},"28":{"start":{"line":255,"column":25},"end":{"line":265,"column":1}},"29":{"start":{"line":258,"column":22},"end":{"line":258,"column":56}},"30":{"start":{"line":267,"column":21},"end":{"line":276,"column":1}},"31":{"start":{"line":273,"column":22},"end":{"line":273,"column":58}},"32":{"start":{"line":278,"column":28},"end":{"line":285,"column":1}},"33":{"start":{"line":287,"column":21},"end":{"line":292,"column":1}},"34":{"start":{"line":294,"column":26},"end":{"line":338,"column":1}},"35":{"start":{"line":300,"column":39},"end":{"line":300,"column":74}},"36":{"start":{"line":303,"column":4},"end":{"line":337,"column":46}},"37":{"start":{"line":340,"column":27},"end":{"line":348,"column":1}},"38":{"start":{"line":347,"column":22},"end":{"line":347,"column":56}},"39":{"start":{"line":350,"column":36},"end":{"line":354,"column":1}},"40":{"start":{"line":356,"column":27},"end":{"line":363,"column":1}},"41":{"start":{"line":362,"column":33},"end":{"line":362,"column":69}},"42":{"start":{"line":365,"column":23},"end":{"line":404,"column":1}},"43":{"start":{"line":366,"column":23},"end":{"line":366,"column":89}},"44":{"start":{"line":369,"column":4},"end":{"line":403,"column":46}}},"fnMap":{"0":{"name":"(anonymous_0)","decl":{"start":{"line":14,"column":22},"end":{"line":14,"column":23}},"loc":{"start":{"line":14,"column":33},"end":{"line":14,"column":68}},"line":14},"1":{"name":"(anonymous_1)","decl":{"start":{"line":15,"column":17},"end":{"line":15,"column":18}},"loc":{"start":{"line":15,"column":28},"end":{"line":15,"column":54}},"line":15},"2":{"name":"(anonymous_2)","decl":{"start":{"line":26,"column":22},"end":{"line":26,"column":23}},"loc":{"start":{"line":27,"column":4},"end":{"line":61,"column":46}},"line":27},"3":{"name":"(anonymous_3)","decl":{"start":{"line":80,"column":11},"end":{"line":80,"column":12}},"loc":{"start":{"line":80,"column":22},"end":{"line":80,"column":57}},"line":80},"4":{"name":"(anonymous_4)","decl":{"start":{"line":86,"column":11},"end":{"line":86,"column":12}},"loc":{"start":{"line":86,"column":22},"end":{"line":86,"column":57}},"line":86},"5":{"name":"(anonymous_5)","decl":{"start":{"line":119,"column":22},"end":{"line":119,"column":23}},"loc":{"start":{"line":119,"column":33},"end":{"line":119,"column":68}},"line":119},"6":{"name":"(anonymous_6)","decl":{"start":{"line":138,"column":11},"end":{"line":138,"column":12}},"loc":{"start":{"line":138,"column":22},"end":{"line":138,"column":57}},"line":138},"7":{"name":"(anonymous_7)","decl":{"start":{"line":141,"column":22},"end":{"line":141,"column":23}},"loc":{"start":{"line":142,"column":4},"end":{"line":176,"column":46}},"line":142},"8":{"name":"(anonymous_8)","decl":{"start":{"line":184,"column":11},"end":{"line":184,"column":12}},"loc":{"start":{"line":185,"column":4},"end":{"line":219,"column":46}},"line":185},"9":{"name":"(anonymous_9)","decl":{"start":{"line":235,"column":11},"end":{"line":235,"column":12}},"loc":{"start":{"line":235,"column":22},"end":{"line":235,"column":58}},"line":235},"10":{"name":"(anonymous_10)","decl":{"start":{"line":238,"column":28},"end":{"line":238,"column":29}},"loc":{"start":{"line":238,"column":39},"end":{"line":238,"column":74}},"line":238},"11":{"name":"(anonymous_11)","decl":{"start":{"line":258,"column":11},"end":{"line":258,"column":12}},"loc":{"start":{"line":258,"column":22},"end":{"line":258,"column":56}},"line":258},"12":{"name":"(anonymous_12)","decl":{"start":{"line":273,"column":11},"end":{"line":273,"column":12}},"loc":{"start":{"line":273,"column":22},"end":{"line":273,"column":58}},"line":273},"13":{"name":"(anonymous_13)","decl":{"start":{"line":300,"column":28},"end":{"line":300,"column":29}},"loc":{"start":{"line":300,"column":39},"end":{"line":300,"column":74}},"line":300},"14":{"name":"(anonymous_14)","decl":{"start":{"line":302,"column":11},"end":{"line":302,"column":12}},"loc":{"start":{"line":303,"column":4},"end":{"line":337,"column":46}},"line":303},"15":{"name":"(anonymous_15)","decl":{"start":{"line":347,"column":11},"end":{"line":347,"column":12}},"loc":{"start":{"line":347,"column":22},"end":{"line":347,"column":56}},"line":347},"16":{"name":"(anonymous_16)","decl":{"start":{"line":362,"column":22},"end":{"line":362,"column":23}},"loc":{"start":{"line":362,"column":33},"end":{"line":362,"column":69}},"line":362},"17":{"name":"(anonymous_17)","decl":{"start":{"line":366,"column":11},"end":{"line":366,"column":12}},"loc":{"start":{"line":366,"column":23},"end":{"line":366,"column":89}},"line":366},"18":{"name":"(anonymous_18)","decl":{"start":{"line":368,"column":22},"end":{"line":368,"column":23}},"loc":{"start":{"line":369,"column":4},"end":{"line":403,"column":46}},"line":369}},"branchMap":{"0":{"loc":{"start":{"line":27,"column":4},"end":{"line":61,"column":46}},"type":"cond-expr","locations":[{"start":{"line":28,"column":8},"end":{"line":28,"column":44}},{"start":{"line":29,"column":8},"end":{"line":61,"column":46}}],"line":27},"1":{"loc":{"start":{"line":29,"column":8},"end":{"line":61,"column":46}},"type":"cond-expr","locations":[{"start":{"line":30,"column":8},"end":{"line":30,"column":43}},{"start":{"line":31,"column":8},"end":{"line":61,"column":46}}],"line":29},"2":{"loc":{"start":{"line":31,"column":8},"end":{"line":61,"column":46}},"type":"cond-expr","locations":[{"start":{"line":32,"column":8},"end":{"line":32,"column":44}},{"start":{"line":33,"column":8},"end":{"line":61,"column":46}}],"line":31},"3":{"loc":{"start":{"line":33,"column":8},"end":{"line":61,"column":46}},"type":"cond-expr","locations":[{"start":{"line":34,"column":8},"end":{"line":34,"column":46}},{"start":{"line":35,"column":8},"end":{"line":61,"column":46}}],"line":33},"4":{"loc":{"start":{"line":35,"column":8},"end":{"line":61,"column":46}},"type":"cond-expr","locations":[{"start":{"line":36,"column":8},"end":{"line":36,"column":47}},{"start":{"line":37,"column":8},"end":{"line":61,"column":46}}],"line":35},"5":{"loc":{"start":{"line":37,"column":8},"end":{"line":61,"column":46}},"type":"cond-expr","locations":[{"start":{"line":38,"column":8},"end":{"line":38,"column":45}},{"start":{"line":39,"column":8},"end":{"line":61,"column":46}}],"line":37},"6":{"loc":{"start":{"line":39,"column":8},"end":{"line":61,"column":46}},"type":"cond-expr","locations":[{"start":{"line":40,"column":8},"end":{"line":40,"column":48}},{"start":{"line":41,"column":8},"end":{"line":61,"column":46}}],"line":39},"7":{"loc":{"start":{"line":41,"column":8},"end":{"line":61,"column":46}},"type":"cond-expr","locations":[{"start":{"line":42,"column":8},"end":{"line":42,"column":46}},{"start":{"line":43,"column":8},"end":{"line":61,"column":46}}],"line":41},"8":{"loc":{"start":{"line":43,"column":8},"end":{"line":61,"column":46}},"type":"cond-expr","locations":[{"start":{"line":44,"column":8},"end":{"line":44,"column":46}},{"start":{"line":45,"column":8},"end":{"line":61,"column":46}}],"line":43},"9":{"loc":{"start":{"line":45,"column":8},"end":{"line":61,"column":46}},"type":"cond-expr","locations":[{"start":{"line":46,"column":8},"end":{"line":46,"column":45}},{"start":{"line":47,"column":8},"end":{"line":61,"column":46}}],"line":45},"10":{"loc":{"start":{"line":47,"column":8},"end":{"line":61,"column":46}},"type":"cond-expr","locations":[{"start":{"line":48,"column":8},"end":{"line":48,"column":46}},{"start":{"line":49,"column":8},"end":{"line":61,"column":46}}],"line":47},"11":{"loc":{"start":{"line":49,"column":8},"end":{"line":61,"column":46}},"type":"cond-expr","locations":[{"start":{"line":50,"column":8},"end":{"line":50,"column":43}},{"start":{"line":51,"column":8},"end":{"line":61,"column":46}}],"line":49},"12":{"loc":{"start":{"line":51,"column":8},"end":{"line":61,"column":46}},"type":"cond-expr","locations":[{"start":{"line":52,"column":8},"end":{"line":52,"column":46}},{"start":{"line":53,"column":8},"end":{"line":61,"column":46}}],"line":51},"13":{"loc":{"start":{"line":53,"column":8},"end":{"line":61,"column":46}},"type":"cond-expr","locations":[{"start":{"line":54,"column":8},"end":{"line":54,"column":47}},{"start":{"line":55,"column":8},"end":{"line":61,"column":46}}],"line":53},"14":{"loc":{"start":{"line":55,"column":8},"end":{"line":61,"column":46}},"type":"cond-expr","locations":[{"start":{"line":56,"column":8},"end":{"line":56,"column":44}},{"start":{"line":57,"column":8},"end":{"line":61,"column":46}}],"line":55},"15":{"loc":{"start":{"line":57,"column":8},"end":{"line":61,"column":46}},"type":"cond-expr","locations":[{"start":{"line":58,"column":8},"end":{"line":58,"column":45}},{"start":{"line":59,"column":8},"end":{"line":61,"column":46}}],"line":57},"16":{"loc":{"start":{"line":59,"column":8},"end":{"line":61,"column":46}},"type":"cond-expr","locations":[{"start":{"line":60,"column":8},"end":{"line":60,"column":45}},{"start":{"line":61,"column":8},"end":{"line":61,"column":46}}],"line":59},"17":{"loc":{"start":{"line":142,"column":4},"end":{"line":176,"column":46}},"type":"cond-expr","locations":[{"start":{"line":143,"column":8},"end":{"line":143,"column":44}},{"start":{"line":144,"column":8},"end":{"line":176,"column":46}}],"line":142},"18":{"loc":{"start":{"line":144,"column":8},"end":{"line":176,"column":46}},"type":"cond-expr","locations":[{"start":{"line":145,"column":8},"end":{"line":145,"column":43}},{"start":{"line":146,"column":8},"end":{"line":176,"column":46}}],"line":144},"19":{"loc":{"start":{"line":146,"column":8},"end":{"line":176,"column":46}},"type":"cond-expr","locations":[{"start":{"line":147,"column":8},"end":{"line":147,"column":44}},{"start":{"line":148,"column":8},"end":{"line":176,"column":46}}],"line":146},"20":{"loc":{"start":{"line":148,"column":8},"end":{"line":176,"column":46}},"type":"cond-expr","locations":[{"start":{"line":149,"column":8},"end":{"line":149,"column":46}},{"start":{"line":150,"column":8},"end":{"line":176,"column":46}}],"line":148},"21":{"loc":{"start":{"line":150,"column":8},"end":{"line":176,"column":46}},"type":"cond-expr","locations":[{"start":{"line":151,"column":8},"end":{"line":151,"column":47}},{"start":{"line":152,"column":8},"end":{"line":176,"column":46}}],"line":150},"22":{"loc":{"start":{"line":152,"column":8},"end":{"line":176,"column":46}},"type":"cond-expr","locations":[{"start":{"line":153,"column":8},"end":{"line":153,"column":45}},{"start":{"line":154,"column":8},"end":{"line":176,"column":46}}],"line":152},"23":{"loc":{"start":{"line":154,"column":8},"end":{"line":176,"column":46}},"type":"cond-expr","locations":[{"start":{"line":155,"column":8},"end":{"line":155,"column":48}},{"start":{"line":156,"column":8},"end":{"line":176,"column":46}}],"line":154},"24":{"loc":{"start":{"line":156,"column":8},"end":{"line":176,"column":46}},"type":"cond-expr","locations":[{"start":{"line":157,"column":8},"end":{"line":157,"column":46}},{"start":{"line":158,"column":8},"end":{"line":176,"column":46}}],"line":156},"25":{"loc":{"start":{"line":158,"column":8},"end":{"line":176,"column":46}},"type":"cond-expr","locations":[{"start":{"line":159,"column":8},"end":{"line":159,"column":46}},{"start":{"line":160,"column":8},"end":{"line":176,"column":46}}],"line":158},"26":{"loc":{"start":{"line":160,"column":8},"end":{"line":176,"column":46}},"type":"cond-expr","locations":[{"start":{"line":161,"column":8},"end":{"line":161,"column":45}},{"start":{"line":162,"column":8},"end":{"line":176,"column":46}}],"line":160},"27":{"loc":{"start":{"line":162,"column":8},"end":{"line":176,"column":46}},"type":"cond-expr","locations":[{"start":{"line":163,"column":8},"end":{"line":163,"column":46}},{"start":{"line":164,"column":8},"end":{"line":176,"column":46}}],"line":162},"28":{"loc":{"start":{"line":164,"column":8},"end":{"line":176,"column":46}},"type":"cond-expr","locations":[{"start":{"line":165,"column":8},"end":{"line":165,"column":43}},{"start":{"line":166,"column":8},"end":{"line":176,"column":46}}],"line":164},"29":{"loc":{"start":{"line":166,"column":8},"end":{"line":176,"column":46}},"type":"cond-expr","locations":[{"start":{"line":167,"column":8},"end":{"line":167,"column":46}},{"start":{"line":168,"column":8},"end":{"line":176,"column":46}}],"line":166},"30":{"loc":{"start":{"line":168,"column":8},"end":{"line":176,"column":46}},"type":"cond-expr","locations":[{"start":{"line":169,"column":8},"end":{"line":169,"column":47}},{"start":{"line":170,"column":8},"end":{"line":176,"column":46}}],"line":168},"31":{"loc":{"start":{"line":170,"column":8},"end":{"line":176,"column":46}},"type":"cond-expr","locations":[{"start":{"line":171,"column":8},"end":{"line":171,"column":44}},{"start":{"line":172,"column":8},"end":{"line":176,"column":46}}],"line":170},"32":{"loc":{"start":{"line":172,"column":8},"end":{"line":176,"column":46}},"type":"cond-expr","locations":[{"start":{"line":173,"column":8},"end":{"line":173,"column":45}},{"start":{"line":174,"column":8},"end":{"line":176,"column":46}}],"line":172},"33":{"loc":{"start":{"line":174,"column":8},"end":{"line":176,"column":46}},"type":"cond-expr","locations":[{"start":{"line":175,"column":8},"end":{"line":175,"column":45}},{"start":{"line":176,"column":8},"end":{"line":176,"column":46}}],"line":174},"34":{"loc":{"start":{"line":185,"column":4},"end":{"line":219,"column":46}},"type":"cond-expr","locations":[{"start":{"line":186,"column":8},"end":{"line":186,"column":44}},{"start":{"line":187,"column":8},"end":{"line":219,"column":46}}],"line":185},"35":{"loc":{"start":{"line":187,"column":8},"end":{"line":219,"column":46}},"type":"cond-expr","locations":[{"start":{"line":188,"column":8},"end":{"line":188,"column":43}},{"start":{"line":189,"column":8},"end":{"line":219,"column":46}}],"line":187},"36":{"loc":{"start":{"line":189,"column":8},"end":{"line":219,"column":46}},"type":"cond-expr","locations":[{"start":{"line":190,"column":8},"end":{"line":190,"column":44}},{"start":{"line":191,"column":8},"end":{"line":219,"column":46}}],"line":189},"37":{"loc":{"start":{"line":191,"column":8},"end":{"line":219,"column":46}},"type":"cond-expr","locations":[{"start":{"line":192,"column":8},"end":{"line":192,"column":46}},{"start":{"line":193,"column":8},"end":{"line":219,"column":46}}],"line":191},"38":{"loc":{"start":{"line":193,"column":8},"end":{"line":219,"column":46}},"type":"cond-expr","locations":[{"start":{"line":194,"column":8},"end":{"line":194,"column":47}},{"start":{"line":195,"column":8},"end":{"line":219,"column":46}}],"line":193},"39":{"loc":{"start":{"line":195,"column":8},"end":{"line":219,"column":46}},"type":"cond-expr","locations":[{"start":{"line":196,"column":8},"end":{"line":196,"column":45}},{"start":{"line":197,"column":8},"end":{"line":219,"column":46}}],"line":195},"40":{"loc":{"start":{"line":197,"column":8},"end":{"line":219,"column":46}},"type":"cond-expr","locations":[{"start":{"line":198,"column":8},"end":{"line":198,"column":48}},{"start":{"line":199,"column":8},"end":{"line":219,"column":46}}],"line":197},"41":{"loc":{"start":{"line":199,"column":8},"end":{"line":219,"column":46}},"type":"cond-expr","locations":[{"start":{"line":200,"column":8},"end":{"line":200,"column":46}},{"start":{"line":201,"column":8},"end":{"line":219,"column":46}}],"line":199},"42":{"loc":{"start":{"line":201,"column":8},"end":{"line":219,"column":46}},"type":"cond-expr","locations":[{"start":{"line":202,"column":8},"end":{"line":202,"column":46}},{"start":{"line":203,"column":8},"end":{"line":219,"column":46}}],"line":201},"43":{"loc":{"start":{"line":203,"column":8},"end":{"line":219,"column":46}},"type":"cond-expr","locations":[{"start":{"line":204,"column":8},"end":{"line":204,"column":45}},{"start":{"line":205,"column":8},"end":{"line":219,"column":46}}],"line":203},"44":{"loc":{"start":{"line":205,"column":8},"end":{"line":219,"column":46}},"type":"cond-expr","locations":[{"start":{"line":206,"column":8},"end":{"line":206,"column":46}},{"start":{"line":207,"column":8},"end":{"line":219,"column":46}}],"line":205},"45":{"loc":{"start":{"line":207,"column":8},"end":{"line":219,"column":46}},"type":"cond-expr","locations":[{"start":{"line":208,"column":8},"end":{"line":208,"column":43}},{"start":{"line":209,"column":8},"end":{"line":219,"column":46}}],"line":207},"46":{"loc":{"start":{"line":209,"column":8},"end":{"line":219,"column":46}},"type":"cond-expr","locations":[{"start":{"line":210,"column":8},"end":{"line":210,"column":46}},{"start":{"line":211,"column":8},"end":{"line":219,"column":46}}],"line":209},"47":{"loc":{"start":{"line":211,"column":8},"end":{"line":219,"column":46}},"type":"cond-expr","locations":[{"start":{"line":212,"column":8},"end":{"line":212,"column":47}},{"start":{"line":213,"column":8},"end":{"line":219,"column":46}}],"line":211},"48":{"loc":{"start":{"line":213,"column":8},"end":{"line":219,"column":46}},"type":"cond-expr","locations":[{"start":{"line":214,"column":8},"end":{"line":214,"column":44}},{"start":{"line":215,"column":8},"end":{"line":219,"column":46}}],"line":213},"49":{"loc":{"start":{"line":215,"column":8},"end":{"line":219,"column":46}},"type":"cond-expr","locations":[{"start":{"line":216,"column":8},"end":{"line":216,"column":45}},{"start":{"line":217,"column":8},"end":{"line":219,"column":46}}],"line":215},"50":{"loc":{"start":{"line":217,"column":8},"end":{"line":219,"column":46}},"type":"cond-expr","locations":[{"start":{"line":218,"column":8},"end":{"line":218,"column":45}},{"start":{"line":219,"column":8},"end":{"line":219,"column":46}}],"line":217},"51":{"loc":{"start":{"line":303,"column":4},"end":{"line":337,"column":46}},"type":"cond-expr","locations":[{"start":{"line":304,"column":8},"end":{"line":304,"column":44}},{"start":{"line":305,"column":8},"end":{"line":337,"column":46}}],"line":303},"52":{"loc":{"start":{"line":305,"column":8},"end":{"line":337,"column":46}},"type":"cond-expr","locations":[{"start":{"line":306,"column":8},"end":{"line":306,"column":43}},{"start":{"line":307,"column":8},"end":{"line":337,"column":46}}],"line":305},"53":{"loc":{"start":{"line":307,"column":8},"end":{"line":337,"column":46}},"type":"cond-expr","locations":[{"start":{"line":308,"column":8},"end":{"line":308,"column":44}},{"start":{"line":309,"column":8},"end":{"line":337,"column":46}}],"line":307},"54":{"loc":{"start":{"line":309,"column":8},"end":{"line":337,"column":46}},"type":"cond-expr","locations":[{"start":{"line":310,"column":8},"end":{"line":310,"column":46}},{"start":{"line":311,"column":8},"end":{"line":337,"column":46}}],"line":309},"55":{"loc":{"start":{"line":311,"column":8},"end":{"line":337,"column":46}},"type":"cond-expr","locations":[{"start":{"line":312,"column":8},"end":{"line":312,"column":47}},{"start":{"line":313,"column":8},"end":{"line":337,"column":46}}],"line":311},"56":{"loc":{"start":{"line":313,"column":8},"end":{"line":337,"column":46}},"type":"cond-expr","locations":[{"start":{"line":314,"column":8},"end":{"line":314,"column":45}},{"start":{"line":315,"column":8},"end":{"line":337,"column":46}}],"line":313},"57":{"loc":{"start":{"line":315,"column":8},"end":{"line":337,"column":46}},"type":"cond-expr","locations":[{"start":{"line":316,"column":8},"end":{"line":316,"column":48}},{"start":{"line":317,"column":8},"end":{"line":337,"column":46}}],"line":315},"58":{"loc":{"start":{"line":317,"column":8},"end":{"line":337,"column":46}},"type":"cond-expr","locations":[{"start":{"line":318,"column":8},"end":{"line":318,"column":46}},{"start":{"line":319,"column":8},"end":{"line":337,"column":46}}],"line":317},"59":{"loc":{"start":{"line":319,"column":8},"end":{"line":337,"column":46}},"type":"cond-expr","locations":[{"start":{"line":320,"column":8},"end":{"line":320,"column":46}},{"start":{"line":321,"column":8},"end":{"line":337,"column":46}}],"line":319},"60":{"loc":{"start":{"line":321,"column":8},"end":{"line":337,"column":46}},"type":"cond-expr","locations":[{"start":{"line":322,"column":8},"end":{"line":322,"column":45}},{"start":{"line":323,"column":8},"end":{"line":337,"column":46}}],"line":321},"61":{"loc":{"start":{"line":323,"column":8},"end":{"line":337,"column":46}},"type":"cond-expr","locations":[{"start":{"line":324,"column":8},"end":{"line":324,"column":46}},{"start":{"line":325,"column":8},"end":{"line":337,"column":46}}],"line":323},"62":{"loc":{"start":{"line":325,"column":8},"end":{"line":337,"column":46}},"type":"cond-expr","locations":[{"start":{"line":326,"column":8},"end":{"line":326,"column":43}},{"start":{"line":327,"column":8},"end":{"line":337,"column":46}}],"line":325},"63":{"loc":{"start":{"line":327,"column":8},"end":{"line":337,"column":46}},"type":"cond-expr","locations":[{"start":{"line":328,"column":8},"end":{"line":328,"column":46}},{"start":{"line":329,"column":8},"end":{"line":337,"column":46}}],"line":327},"64":{"loc":{"start":{"line":329,"column":8},"end":{"line":337,"column":46}},"type":"cond-expr","locations":[{"start":{"line":330,"column":8},"end":{"line":330,"column":47}},{"start":{"line":331,"column":8},"end":{"line":337,"column":46}}],"line":329},"65":{"loc":{"start":{"line":331,"column":8},"end":{"line":337,"column":46}},"type":"cond-expr","locations":[{"start":{"line":332,"column":8},"end":{"line":332,"column":44}},{"start":{"line":333,"column":8},"end":{"line":337,"column":46}}],"line":331},"66":{"loc":{"start":{"line":333,"column":8},"end":{"line":337,"column":46}},"type":"cond-expr","locations":[{"start":{"line":334,"column":8},"end":{"line":334,"column":45}},{"start":{"line":335,"column":8},"end":{"line":337,"column":46}}],"line":333},"67":{"loc":{"start":{"line":335,"column":8},"end":{"line":337,"column":46}},"type":"cond-expr","locations":[{"start":{"line":336,"column":8},"end":{"line":336,"column":45}},{"start":{"line":337,"column":8},"end":{"line":337,"column":46}}],"line":335},"68":{"loc":{"start":{"line":366,"column":23},"end":{"line":366,"column":89}},"type":"cond-expr","locations":[{"start":{"line":366,"column":51},"end":{"line":366,"column":82}},{"start":{"line":366,"column":85},"end":{"line":366,"column":89}}],"line":366},"69":{"loc":{"start":{"line":369,"column":4},"end":{"line":403,"column":46}},"type":"cond-expr","locations":[{"start":{"line":370,"column":8},"end":{"line":370,"column":44}},{"start":{"line":371,"column":8},"end":{"line":403,"column":46}}],"line":369},"70":{"loc":{"start":{"line":371,"column":8},"end":{"line":403,"column":46}},"type":"cond-expr","locations":[{"start":{"line":372,"column":8},"end":{"line":372,"column":43}},{"start":{"line":373,"column":8},"end":{"line":403,"column":46}}],"line":371},"71":{"loc":{"start":{"line":373,"column":8},"end":{"line":403,"column":46}},"type":"cond-expr","locations":[{"start":{"line":374,"column":8},"end":{"line":374,"column":44}},{"start":{"line":375,"column":8},"end":{"line":403,"column":46}}],"line":373},"72":{"loc":{"start":{"line":375,"column":8},"end":{"line":403,"column":46}},"type":"cond-expr","locations":[{"start":{"line":376,"column":8},"end":{"line":376,"column":46}},{"start":{"line":377,"column":8},"end":{"line":403,"column":46}}],"line":375},"73":{"loc":{"start":{"line":377,"column":8},"end":{"line":403,"column":46}},"type":"cond-expr","locations":[{"start":{"line":378,"column":8},"end":{"line":378,"column":47}},{"start":{"line":379,"column":8},"end":{"line":403,"column":46}}],"line":377},"74":{"loc":{"start":{"line":379,"column":8},"end":{"line":403,"column":46}},"type":"cond-expr","locations":[{"start":{"line":380,"column":8},"end":{"line":380,"column":45}},{"start":{"line":381,"column":8},"end":{"line":403,"column":46}}],"line":379},"75":{"loc":{"start":{"line":381,"column":8},"end":{"line":403,"column":46}},"type":"cond-expr","locations":[{"start":{"line":382,"column":8},"end":{"line":382,"column":48}},{"start":{"line":383,"column":8},"end":{"line":403,"column":46}}],"line":381},"76":{"loc":{"start":{"line":383,"column":8},"end":{"line":403,"column":46}},"type":"cond-expr","locations":[{"start":{"line":384,"column":8},"end":{"line":384,"column":46}},{"start":{"line":385,"column":8},"end":{"line":403,"column":46}}],"line":383},"77":{"loc":{"start":{"line":385,"column":8},"end":{"line":403,"column":46}},"type":"cond-expr","locations":[{"start":{"line":386,"column":8},"end":{"line":386,"column":46}},{"start":{"line":387,"column":8},"end":{"line":403,"column":46}}],"line":385},"78":{"loc":{"start":{"line":387,"column":8},"end":{"line":403,"column":46}},"type":"cond-expr","locations":[{"start":{"line":388,"column":8},"end":{"line":388,"column":45}},{"start":{"line":389,"column":8},"end":{"line":403,"column":46}}],"line":387},"79":{"loc":{"start":{"line":389,"column":8},"end":{"line":403,"column":46}},"type":"cond-expr","locations":[{"start":{"line":390,"column":8},"end":{"line":390,"column":46}},{"start":{"line":391,"column":8},"end":{"line":403,"column":46}}],"line":389},"80":{"loc":{"start":{"line":391,"column":8},"end":{"line":403,"column":46}},"type":"cond-expr","locations":[{"start":{"line":392,"column":8},"end":{"line":392,"column":43}},{"start":{"line":393,"column":8},"end":{"line":403,"column":46}}],"line":391},"81":{"loc":{"start":{"line":393,"column":8},"end":{"line":403,"column":46}},"type":"cond-expr","locations":[{"start":{"line":394,"column":8},"end":{"line":394,"column":46}},{"start":{"line":395,"column":8},"end":{"line":403,"column":46}}],"line":393},"82":{"loc":{"start":{"line":395,"column":8},"end":{"line":403,"column":46}},"type":"cond-expr","locations":[{"start":{"line":396,"column":8},"end":{"line":396,"column":47}},{"start":{"line":397,"column":8},"end":{"line":403,"column":46}}],"line":395},"83":{"loc":{"start":{"line":397,"column":8},"end":{"line":403,"column":46}},"type":"cond-expr","locations":[{"start":{"line":398,"column":8},"end":{"line":398,"column":44}},{"start":{"line":399,"column":8},"end":{"line":403,"column":46}}],"line":397},"84":{"loc":{"start":{"line":399,"column":8},"end":{"line":403,"column":46}},"type":"cond-expr","locations":[{"start":{"line":400,"column":8},"end":{"line":400,"column":45}},{"start":{"line":401,"column":8},"end":{"line":403,"column":46}}],"line":399},"85":{"loc":{"start":{"line":401,"column":8},"end":{"line":403,"column":46}},"type":"cond-expr","locations":[{"start":{"line":402,"column":8},"end":{"line":402,"column":45}},{"start":{"line":403,"column":8},"end":{"line":403,"column":46}}],"line":401}},"s":{"0":1,"1":9,"2":9,"3":1,"4":9,"5":1,"6":1,"7":9,"8":1,"9":9,"10":1,"11":1,"12":1,"13":1,"14":1,"15":9,"16":1,"17":1,"18":9,"19":9,"20":1,"21":18,"22":1,"23":1,"24":18,"25":18,"26":1,"27":1,"28":1,"29":36,"30":1,"31":9,"32":1,"33":1,"34":1,"35":9,"36":9,"37":1,"38":9,"39":1,"40":1,"41":54,"42":1,"43":54,"44":54},"f":{"0":9,"1":9,"2":9,"3":9,"4":9,"5":9,"6":9,"7":9,"8":18,"9":18,"10":18,"11":36,"12":9,"13":9,"14":9,"15":9,"16":54,"17":54,"18":54},"b":{"0":[0,9],"1":[0,9],"2":[0,9],"3":[0,9],"4":[0,9],"5":[0,9],"6":[0,9],"7":[0,9],"8":[0,9],"9":[0,9],"10":[0,9],"11":[0,9],"12":[0,9],"13":[0,9],"14":[0,9],"15":[0,9],"16":[9,0],"17":[0,9],"18":[0,9],"19":[0,9],"20":[0,9],"21":[0,9],"22":[0,9],"23":[0,9],"24":[0,9],"25":[0,9],"26":[0,9],"27":[0,9],"28":[0,9],"29":[0,9],"30":[0,9],"31":[0,9],"32":[0,9],"33":[9,0],"34":[0,18],"35":[0,18],"36":[0,18],"37":[0,18],"38":[0,18],"39":[0,18],"40":[0,18],"41":[0,18],"42":[0,18],"43":[0,18],"44":[0,18],"45":[0,18],"46":[0,18],"47":[0,18],"48":[0,18],"49":[0,18],"50":[18,0],"51":[0,9],"52":[0,9],"53":[0,9],"54":[0,9],"55":[0,9],"56":[0,9],"57":[0,9],"58":[0,9],"59":[0,9],"60":[0,9],"61":[0,9],"62":[0,9],"63":[0,9],"64":[0,9],"65":[0,9],"66":[0,9],"67":[9,0],"68":[54,0],"69":[0,54],"70":[0,54],"71":[0,54],"72":[0,54],"73":[0,54],"74":[0,54],"75":[0,54],"76":[0,54],"77":[0,54],"78":[0,54],"79":[0,54],"80":[0,54],"81":[0,54],"82":[0,54],"83":[0,54],"84":[0,54],"85":[54,0]},"_coverageSchema":"1a1c01bbd47fc00a2c39e90264f33305004495a9","hash":"e144021f394ebc0b2d6f8ebd2463f5aee2570bf5"}
,"C:\\Users\\vm859\\OneDrive\\Documentos\\testes-unitarios\\API_Poke\\src\\components\\dataError\\DataError.tsx": {"path":"C:\\Users\\vm859\\OneDrive\\Documentos\\testes-unitarios\\API_Poke\\src\\components\\dataError\\DataError.tsx","statementMap":{"0":{"start":{"line":3,"column":18},"end":{"line":11,"column":1}},"1":{"start":{"line":4,"column":2},"end":{"line":10,"column":4}}},"fnMap":{"0":{"name":"(anonymous_0)","decl":{"start":{"line":3,"column":18},"end":{"line":3,"column":19}},"loc":{"start":{"line":3,"column":62},"end":{"line":11,"column":1}},"line":3}},"branchMap":{},"s":{"0":1,"1":0},"f":{"0":0},"b":{},"_coverageSchema":"1a1c01bbd47fc00a2c39e90264f33305004495a9","hash":"5e366ad89ef91829be10928b25226f846fe8f487"}
,"C:\\Users\\vm859\\OneDrive\\Documentos\\testes-unitarios\\API_Poke\\src\\components\\dataError\\styles.tsx": {"path":"C:\\Users\\vm859\\OneDrive\\Documentos\\testes-unitarios\\API_Poke\\src\\components\\dataError\\styles.tsx","statementMap":{"0":{"start":{"line":3,"column":25},"end":{"line":13,"column":1}},"1":{"start":{"line":11,"column":28},"end":{"line":11,"column":54}},"2":{"start":{"line":12,"column":22},"end":{"line":12,"column":56}}},"fnMap":{"0":{"name":"(anonymous_0)","decl":{"start":{"line":11,"column":17},"end":{"line":11,"column":18}},"loc":{"start":{"line":11,"column":28},"end":{"line":11,"column":54}},"line":11},"1":{"name":"(anonymous_1)","decl":{"start":{"line":12,"column":11},"end":{"line":12,"column":12}},"loc":{"start":{"line":12,"column":22},"end":{"line":12,"column":56}},"line":12}},"branchMap":{},"s":{"0":1,"1":0,"2":0},"f":{"0":0,"1":0},"b":{},"_coverageSchema":"1a1c01bbd47fc00a2c39e90264f33305004495a9","hash":"c962f5971caf02085107af52a10b0565cb7e4aee"}
}
