TN:
SF:.jest\mocks\fileMock.ts
FNF:0
FNH:0
DA:1,1
LF:1
LH:1
BRF:0
BRH:0
end_of_record
TN:
SF:src\components\Pokemons\IndividualPokemon\IndividualPokemon.tsx
FN:28,(anonymous_0)
FN:35,(anonymous_1)
FN:53,(anonymous_2)
FN:64,(anonymous_3)
FN:75,(anonymous_4)
FN:80,(anonymous_5)
FN:87,(anonymous_6)
FN:89,(anonymous_7)
FN:90,(anonymous_8)
FN:126,(anonymous_9)
FN:133,(anonymous_10)
FN:169,(anonymous_11)
FN:174,(anonymous_12)
FN:194,(anonymous_13)
FN:197,(anonymous_14)
FN:202,(anonymous_15)
FN:205,(anonymous_16)
FN:210,(anonymous_17)
FN:213,(anonymous_18)
FN:218,(anonymous_19)
FN:221,(anonymous_20)
FN:226,(anonymous_21)
FN:229,(anonymous_22)
FN:234,(anonymous_23)
FN:237,(anonymous_24)
FNF:25
FNH:25
FNDA:26,(anonymous_0)
FNDA:14,(anonymous_1)
FNDA:1,(anonymous_2)
FNDA:1,(anonymous_3)
FNDA:1,(anonymous_4)
FNDA:14,(anonymous_5)
FNDA:11,(anonymous_6)
FNDA:624,(anonymous_7)
FNDA:11,(anonymous_8)
FNDA:11,(anonymous_9)
FNDA:11,(anonymous_10)
FNDA:11,(anonymous_11)
FNDA:11,(anonymous_12)
FNDA:11,(anonymous_13)
FNDA:11,(anonymous_14)
FNDA:11,(anonymous_15)
FNDA:11,(anonymous_16)
FNDA:11,(anonymous_17)
FNDA:11,(anonymous_18)
FNDA:11,(anonymous_19)
FNDA:11,(anonymous_20)
FNDA:11,(anonymous_21)
FNDA:11,(anonymous_22)
FNDA:11,(anonymous_23)
FNDA:11,(anonymous_24)
DA:28,1
DA:29,26
DA:30,26
DA:31,26
DA:33,26
DA:35,26
DA:37,14
DA:38,14
DA:39,7
DA:40,7
DA:43,5
DA:44,5
DA:46,0
DA:47,0
DA:53,26
DA:54,1
DA:55,1
DA:59,1
DA:64,26
DA:65,1
DA:66,1
DA:70,1
DA:75,26
DA:76,1
DA:80,26
DA:81,14
DA:84,26
DA:85,26
DA:88,11
DA:89,624
DA:90,11
DA:127,11
DA:133,11
DA:169,11
DA:174,11
DA:194,11
DA:197,11
DA:202,11
DA:205,11
DA:210,11
DA:213,11
DA:218,11
DA:221,11
DA:226,11
DA:229,11
DA:234,11
DA:237,11
LF:47
LH:45
BRDA:38,0,0,7
BRDA:38,0,1,7
BRDA:54,1,0,1
BRDA:54,1,1,0
BRDA:65,2,0,1
BRDA:65,2,1,0
BRDA:84,3,0,0
BRDA:84,3,1,26
BRDA:87,4,0,26
BRDA:87,4,1,11
BRDA:107,5,0,9
BRDA:107,5,1,2
BRDA:107,6,0,11
BRDA:107,6,1,9
BRF:14
BRH:11
end_of_record
TN:
SF:src\components\Pokemons\IndividualPokemon\styles.tsx
FN:14,(anonymous_0)
FN:15,(anonymous_1)
FN:26,(anonymous_2)
FN:80,(anonymous_3)
FN:86,(anonymous_4)
FN:119,(anonymous_5)
FN:138,(anonymous_6)
FN:141,(anonymous_7)
FN:184,(anonymous_8)
FN:235,(anonymous_9)
FN:238,(anonymous_10)
FN:258,(anonymous_11)
FN:273,(anonymous_12)
FN:300,(anonymous_13)
FN:302,(anonymous_14)
FN:347,(anonymous_15)
FN:362,(anonymous_16)
FN:366,(anonymous_17)
FN:368,(anonymous_18)
FNF:19
FNH:19
FNDA:9,(anonymous_0)
FNDA:9,(anonymous_1)
FNDA:9,(anonymous_2)
FNDA:9,(anonymous_3)
FNDA:9,(anonymous_4)
FNDA:9,(anonymous_5)
FNDA:9,(anonymous_6)
FNDA:9,(anonymous_7)
FNDA:18,(anonymous_8)
FNDA:18,(anonymous_9)
FNDA:18,(anonymous_10)
FNDA:36,(anonymous_11)
FNDA:9,(anonymous_12)
FNDA:9,(anonymous_13)
FNDA:9,(anonymous_14)
FNDA:9,(anonymous_15)
FNDA:54,(anonymous_16)
FNDA:54,(anonymous_17)
FNDA:54,(anonymous_18)
DA:8,1
DA:14,9
DA:15,9
DA:18,1
DA:27,9
DA:68,1
DA:77,1
DA:80,9
DA:83,1
DA:86,9
DA:89,1
DA:93,1
DA:100,1
DA:109,1
DA:113,1
DA:119,9
DA:127,1
DA:135,1
DA:138,9
DA:142,9
DA:179,1
DA:185,18
DA:222,1
DA:229,1
DA:235,18
DA:238,18
DA:241,1
DA:250,1
DA:255,1
DA:258,36
DA:267,1
DA:273,9
DA:278,1
DA:287,1
DA:294,1
DA:300,9
DA:303,9
DA:340,1
DA:347,9
DA:350,1
DA:356,1
DA:362,54
DA:365,1
DA:366,54
DA:369,54
LF:45
LH:45
BRDA:27,0,0,0
BRDA:27,0,1,9
BRDA:29,1,0,0
BRDA:29,1,1,9
BRDA:31,2,0,0
BRDA:31,2,1,9
BRDA:33,3,0,0
BRDA:33,3,1,9
BRDA:35,4,0,0
BRDA:35,4,1,9
BRDA:37,5,0,0
BRDA:37,5,1,9
BRDA:39,6,0,0
BRDA:39,6,1,9
BRDA:41,7,0,0
BRDA:41,7,1,9
BRDA:43,8,0,0
BRDA:43,8,1,9
BRDA:45,9,0,0
BRDA:45,9,1,9
BRDA:47,10,0,0
BRDA:47,10,1,9
BRDA:49,11,0,0
BRDA:49,11,1,9
BRDA:51,12,0,0
BRDA:51,12,1,9
BRDA:53,13,0,0
BRDA:53,13,1,9
BRDA:55,14,0,0
BRDA:55,14,1,9
BRDA:57,15,0,0
BRDA:57,15,1,9
BRDA:59,16,0,9
BRDA:59,16,1,0
BRDA:142,17,0,0
BRDA:142,17,1,9
BRDA:144,18,0,0
BRDA:144,18,1,9
BRDA:146,19,0,0
BRDA:146,19,1,9
BRDA:148,20,0,0
BRDA:148,20,1,9
BRDA:150,21,0,0
BRDA:150,21,1,9
BRDA:152,22,0,0
BRDA:152,22,1,9
BRDA:154,23,0,0
BRDA:154,23,1,9
BRDA:156,24,0,0
BRDA:156,24,1,9
BRDA:158,25,0,0
BRDA:158,25,1,9
BRDA:160,26,0,0
BRDA:160,26,1,9
BRDA:162,27,0,0
BRDA:162,27,1,9
BRDA:164,28,0,0
BRDA:164,28,1,9
BRDA:166,29,0,0
BRDA:166,29,1,9
BRDA:168,30,0,0
BRDA:168,30,1,9
BRDA:170,31,0,0
BRDA:170,31,1,9
BRDA:172,32,0,0
BRDA:172,32,1,9
BRDA:174,33,0,9
BRDA:174,33,1,0
BRDA:185,34,0,0
BRDA:185,34,1,18
BRDA:187,35,0,0
BRDA:187,35,1,18
BRDA:189,36,0,0
BRDA:189,36,1,18
BRDA:191,37,0,0
BRDA:191,37,1,18
BRDA:193,38,0,0
BRDA:193,38,1,18
BRDA:195,39,0,0
BRDA:195,39,1,18
BRDA:197,40,0,0
BRDA:197,40,1,18
BRDA:199,41,0,0
BRDA:199,41,1,18
BRDA:201,42,0,0
BRDA:201,42,1,18
BRDA:203,43,0,0
BRDA:203,43,1,18
BRDA:205,44,0,0
BRDA:205,44,1,18
BRDA:207,45,0,0
BRDA:207,45,1,18
BRDA:209,46,0,0
BRDA:209,46,1,18
BRDA:211,47,0,0
BRDA:211,47,1,18
BRDA:213,48,0,0
BRDA:213,48,1,18
BRDA:215,49,0,0
BRDA:215,49,1,18
BRDA:217,50,0,18
BRDA:217,50,1,0
BRDA:303,51,0,0
BRDA:303,51,1,9
BRDA:305,52,0,0
BRDA:305,52,1,9
BRDA:307,53,0,0
BRDA:307,53,1,9
BRDA:309,54,0,0
BRDA:309,54,1,9
BRDA:311,55,0,0
BRDA:311,55,1,9
BRDA:313,56,0,0
BRDA:313,56,1,9
BRDA:315,57,0,0
BRDA:315,57,1,9
BRDA:317,58,0,0
BRDA:317,58,1,9
BRDA:319,59,0,0
BRDA:319,59,1,9
BRDA:321,60,0,0
BRDA:321,60,1,9
BRDA:323,61,0,0
BRDA:323,61,1,9
BRDA:325,62,0,0
BRDA:325,62,1,9
BRDA:327,63,0,0
BRDA:327,63,1,9
BRDA:329,64,0,0
BRDA:329,64,1,9
BRDA:331,65,0,0
BRDA:331,65,1,9
BRDA:333,66,0,0
BRDA:333,66,1,9
BRDA:335,67,0,9
BRDA:335,67,1,0
BRDA:366,68,0,54
BRDA:366,68,1,0
BRDA:369,69,0,0
BRDA:369,69,1,54
BRDA:371,70,0,0
BRDA:371,70,1,54
BRDA:373,71,0,0
BRDA:373,71,1,54
BRDA:375,72,0,0
BRDA:375,72,1,54
BRDA:377,73,0,0
BRDA:377,73,1,54
BRDA:379,74,0,0
BRDA:379,74,1,54
BRDA:381,75,0,0
BRDA:381,75,1,54
BRDA:383,76,0,0
BRDA:383,76,1,54
BRDA:385,77,0,0
BRDA:385,77,1,54
BRDA:387,78,0,0
BRDA:387,78,1,54
BRDA:389,79,0,0
BRDA:389,79,1,54
BRDA:391,80,0,0
BRDA:391,80,1,54
BRDA:393,81,0,0
BRDA:393,81,1,54
BRDA:395,82,0,0
BRDA:395,82,1,54
BRDA:397,83,0,0
BRDA:397,83,1,54
BRDA:399,84,0,0
BRDA:399,84,1,54
BRDA:401,85,0,54
BRDA:401,85,1,0
BRF:172
BRH:86
end_of_record
TN:
SF:src\components\dataError\DataError.tsx
FN:3,(anonymous_0)
FNF:1
FNH:0
FNDA:0,(anonymous_0)
DA:3,1
DA:4,0
LF:2
LH:1
BRF:0
BRH:0
end_of_record
TN:
SF:src\components\dataError\styles.tsx
FN:11,(anonymous_0)
FN:12,(anonymous_1)
FNF:2
FNH:0
FNDA:0,(anonymous_0)
FNDA:0,(anonymous_1)
DA:3,1
DA:11,0
DA:12,0
LF:3
LH:1
BRF:0
BRH:0
end_of_record
